{"/Users/Sophie/Documents/Projects/Week-10/bank_tech_test/account.js": {"path":"/Users/Sophie/Documents/Projects/Week-10/bank_tech_test/account.js","statementMap":{"0":{"start":{"line":1,"column":16},"end":{"line":1,"column":36}},"1":{"start":{"line":5,"column":4},"end":{"line":5,"column":21}},"2":{"start":{"line":6,"column":4},"end":{"line":6,"column":23}},"3":{"start":{"line":10,"column":4},"end":{"line":10,"column":34}},"4":{"start":{"line":14,"column":4},"end":{"line":20,"column":6}},"5":{"start":{"line":15,"column":6},"end":{"line":19,"column":7}},"6":{"start":{"line":16,"column":8},"end":{"line":16,"column":42}},"7":{"start":{"line":18,"column":8},"end":{"line":18,"column":49}},"8":{"start":{"line":24,"column":4},"end":{"line":24,"column":23}},"9":{"start":{"line":28,"column":21},"end":{"line":28,"column":59}},"10":{"start":{"line":29,"column":4},"end":{"line":42,"column":6}},"11":{"start":{"line":30,"column":19},"end":{"line":30,"column":35}},"12":{"start":{"line":31,"column":19},"end":{"line":31,"column":21}},"13":{"start":{"line":32,"column":18},"end":{"line":32,"column":20}},"14":{"start":{"line":33,"column":8},"end":{"line":40,"column":7}},"15":{"start":{"line":34,"column":8},"end":{"line":34,"column":41}},"16":{"start":{"line":35,"column":8},"end":{"line":35,"column":42}},"17":{"start":{"line":38,"column":8},"end":{"line":38,"column":40}},"18":{"start":{"line":39,"column":8},"end":{"line":39,"column":49}},"19":{"start":{"line":41,"column":6},"end":{"line":41,"column":75}},"20":{"start":{"line":43,"column":4},"end":{"line":43,"column":20}},"21":{"start":{"line":47,"column":0},"end":{"line":47,"column":24}}},"fnMap":{"0":{"name":"(anonymous_0)","decl":{"start":{"line":4,"column":2},"end":{"line":4,"column":3}},"loc":{"start":{"line":4,"column":16},"end":{"line":7,"column":3}},"line":4},"1":{"name":"(anonymous_1)","decl":{"start":{"line":9,"column":2},"end":{"line":9,"column":3}},"loc":{"start":{"line":9,"column":28},"end":{"line":11,"column":3}},"line":9},"2":{"name":"(anonymous_2)","decl":{"start":{"line":13,"column":2},"end":{"line":13,"column":3}},"loc":{"start":{"line":13,"column":14},"end":{"line":21,"column":3}},"line":13},"3":{"name":"(anonymous_3)","decl":{"start":{"line":14,"column":21},"end":{"line":14,"column":22}},"loc":{"start":{"line":14,"column":38},"end":{"line":20,"column":5}},"line":14},"4":{"name":"(anonymous_4)","decl":{"start":{"line":23,"column":2},"end":{"line":23,"column":3}},"loc":{"start":{"line":23,"column":15},"end":{"line":25,"column":3}},"line":23},"5":{"name":"(anonymous_5)","decl":{"start":{"line":27,"column":2},"end":{"line":27,"column":3}},"loc":{"start":{"line":27,"column":17},"end":{"line":44,"column":3}},"line":27},"6":{"name":"(anonymous_6)","decl":{"start":{"line":29,"column":21},"end":{"line":29,"column":22}},"loc":{"start":{"line":29,"column":38},"end":{"line":42,"column":5}},"line":29}},"branchMap":{"0":{"loc":{"start":{"line":15,"column":6},"end":{"line":19,"column":7}},"type":"if","locations":[{"start":{"line":15,"column":6},"end":{"line":19,"column":7}},{"start":{"line":17,"column":13},"end":{"line":19,"column":7}}],"line":15},"1":{"loc":{"start":{"line":33,"column":8},"end":{"line":40,"column":7}},"type":"if","locations":[{"start":{"line":33,"column":8},"end":{"line":40,"column":7}},{"start":{"line":37,"column":11},"end":{"line":40,"column":7}}],"line":33}},"s":{"0":1,"1":8,"2":8,"3":8,"4":2,"5":3,"6":2,"7":1,"8":3,"9":3,"10":3,"11":3,"12":3,"13":3,"14":3,"15":2,"16":2,"17":1,"18":1,"19":3,"20":3,"21":1},"f":{"0":8,"1":8,"2":2,"3":3,"4":3,"5":3,"6":3},"b":{"0":[2,1],"1":[2,1]},"_coverageSchema":"1a1c01bbd47fc00a2c39e90264f33305004495a9","hash":"0014cb5a295fd9b29229b370903d5fe48d340ed0"}
,"/Users/Sophie/Documents/Projects/Week-10/bank_tech_test/deposit.js": {"path":"/Users/Sophie/Documents/Projects/Week-10/bank_tech_test/deposit.js","statementMap":{"0":{"start":{"line":3,"column":4},"end":{"line":3,"column":20}},"1":{"start":{"line":4,"column":4},"end":{"line":4,"column":24}},"2":{"start":{"line":8,"column":0},"end":{"line":8,"column":24}}},"fnMap":{"0":{"name":"(anonymous_0)","decl":{"start":{"line":2,"column":2},"end":{"line":2,"column":3}},"loc":{"start":{"line":2,"column":27},"end":{"line":5,"column":3}},"line":2}},"branchMap":{},"s":{"0":7,"1":7,"2":2},"f":{"0":7},"b":{},"_coverageSchema":"1a1c01bbd47fc00a2c39e90264f33305004495a9","hash":"7430b208d5bea3caf4d3b12ac8217e79161ce8ff"}
,"/Users/Sophie/Documents/Projects/Week-10/bank_tech_test/withdrawal.js": {"path":"/Users/Sophie/Documents/Projects/Week-10/bank_tech_test/withdrawal.js","statementMap":{"0":{"start":{"line":3,"column":4},"end":{"line":3,"column":20}},"1":{"start":{"line":4,"column":4},"end":{"line":4,"column":24}},"2":{"start":{"line":8,"column":0},"end":{"line":8,"column":27}}},"fnMap":{"0":{"name":"(anonymous_0)","decl":{"start":{"line":2,"column":2},"end":{"line":2,"column":3}},"loc":{"start":{"line":2,"column":27},"end":{"line":5,"column":3}},"line":2}},"branchMap":{},"s":{"0":5,"1":5,"2":2},"f":{"0":5},"b":{},"_coverageSchema":"1a1c01bbd47fc00a2c39e90264f33305004495a9","hash":"e43178af29a85ae25fc7855e0705e2fef7a8e64c"}
}
