TN:
SF:account.js
FN:4,(anonymous_0)
FN:9,(anonymous_1)
FN:13,(anonymous_2)
FN:14,(anonymous_3)
FN:23,(anonymous_4)
FN:27,(anonymous_5)
FN:29,(anonymous_6)
FNF:7
FNH:7
FNDA:8,(anonymous_0)
FNDA:8,(anonymous_1)
FNDA:2,(anonymous_2)
FNDA:3,(anonymous_3)
FNDA:3,(anonymous_4)
FNDA:3,(anonymous_5)
FNDA:3,(anonymous_6)
DA:1,1
DA:5,8
DA:6,8
DA:10,8
DA:14,2
DA:15,3
DA:16,2
DA:18,1
DA:24,3
DA:28,3
DA:29,3
DA:30,3
DA:31,3
DA:32,3
DA:33,3
DA:34,2
DA:35,2
DA:38,1
DA:39,1
DA:41,3
DA:43,3
DA:47,1
LF:22
LH:22
BRDA:15,0,0,2
BRDA:15,0,1,1
BRDA:33,1,0,2
BRDA:33,1,1,1
BRF:4
BRH:4
end_of_record
TN:
SF:deposit.js
FN:2,(anonymous_0)
FNF:1
FNH:1
FNDA:7,(anonymous_0)
DA:3,7
DA:4,7
DA:8,2
LF:3
LH:3
BRF:0
BRH:0
end_of_record
TN:
SF:withdrawal.js
FN:2,(anonymous_0)
FNF:1
FNH:1
FNDA:5,(anonymous_0)
DA:3,5
DA:4,5
DA:8,2
LF:3
LH:3
BRF:0
BRH:0
end_of_record
